
queue /internal/ => internal:expected, [{"tag":"love"}], 3


queue /internal/ => internal:related_docs, [{"tag_list":["love","-"]}], 2

VocabulariSe::InternalRelatedDocuments::process - handle = internal:related_docs, query = {"tag_list"=>["love", "-"]}, priority = 3 
VocabulariSe::InternalRelatedDocuments::process - tag_list = love
VocabulariSe::InternalRelatedDocuments::process - current tag = love
VocabulariSe::InternalRelatedDocuments::process - current tag = love

queue /mendeley/ => mendeley:document:search_tagged:page, [{"tag":"positiv","page":1}], 7


queue /mendeley/ => mendeley:document:search_tagged:page, [{"tag":"positiv","page":2}], 8


queue /mendeley/ => mendeley:document:search_tagged:page, [{"tag":"swe","page":1}], 6


queue /mendeley/ => mendeley:document:search_tagged:page, [{"tag":"swe","page":2}], 8


queue /mendeley/ => mendeley:document:search_tagged:page, [{"tag":"-","page":1}], 8


queue /mendeley/ => mendeley:document:search_tagged:page, [{"tag":"love","page":2}], 5


queue /mendeley/ => mendeley:document:search_tagged, [{"tag":"-"}], 18


queue /mendeley/ => mendeley:document:details, [{"uuid":"99a3ff10-6d05-11df-a2b2-0026b95e3eb7"}], 50


queue /mendeley/ => mendeley:document:search_tagged:page, [{"tag":"love","page":3}], 5

#<Net::HTTPServiceUnavailable 503 Service Unavailable readbody=true>
["/home/warbrain/src/_Gnuside/vocabularise/lib/mendeley/client.rb:123:in `request_url'",
 "/home/warbrain/src/_Gnuside/vocabularise/lib/vocabularise/mendeley_ext/cache.rb:43:in `request_url'",
 "/home/warbrain/src/_Gnuside/vocabularise/lib/mendeley/client.rb:133:in `request_get'",
 "/home/warbrain/src/_Gnuside/vocabularise/lib/mendeley/client.rb:83:in `documents_details'",
 "/home/warbrain/src/_Gnuside/vocabularise/lib/vocabularise/mendeley_handler.rb:133:in `process'",
 "/home/warbrain/src/_Gnuside/vocabularise/lib/vocabularise/crawler.rb:195:in `process'",
 "/home/warbrain/src/_Gnuside/vocabularise/lib/vocabularise/crawler.rb:188:in `each'",
 "/home/warbrain/src/_Gnuside/vocabularise/lib/vocabularise/crawler.rb:188:in `process'",
 "/home/warbrain/src/_Gnuside/vocabularise/lib/vocabularise/crawler.rb:146:in `run'",
 "/home/warbrain/src/_Gnuside/vocabularise/lib/vocabularise/crawler.rb:122:in `loop'",
 "/home/warbrain/src/_Gnuside/vocabularise/lib/vocabularise/crawler.rb:122:in `run'",
 "/home/warbrain/src/_Gnuside/vocabularise/lib/vocabularise/crawler.rb:120:in `initialize'",
 "/home/warbrain/src/_Gnuside/vocabularise/lib/vocabularise/crawler.rb:120:in `new'",
 "/home/warbrain/src/_Gnuside/vocabularise/lib/vocabularise/crawler.rb:120:in `run'",
 "/home/warbrain/src/_Gnuside/vocabularise/lib/vocabularise/crawler.rb:119:in `each'",
 "/home/warbrain/src/_Gnuside/vocabularise/lib/vocabularise/crawler.rb:119:in `run'",
 "/home/warbrain/src/_Gnuside/vocabularise/spec/expected_handler_spec.rb:67",
 "/home/warbrain/src/_Gnuside/vocabularise/vendors/ruby/1.8/gems/rspec-core-2.7.1/lib/rspec/core/hooks.rb:35:in `instance_eval'",
 "/home/warbrain/src/_Gnuside/vocabularise/vendors/ruby/1.8/gems/rspec-core-2.7.1/lib/rspec/core/hooks.rb:35:in `run_in'",
 "/home/warbrain/src/_Gnuside/vocabularise/vendors/ruby/1.8/gems/rspec-core-2.7.1/lib/rspec/core/hooks.rb:74:in `run_all!'",
 "/home/warbrain/src/_Gnuside/vocabularise/vendors/ruby/1.8/gems/rspec-core-2.7.1/lib/rspec/core/hooks.rb:122:in `run_hook!'",
 "/home/warbrain/src/_Gnuside/vocabularise/vendors/ruby/1.8/gems/rspec-core-2.7.1/lib/rspec/core/example_group.rb:219:in `run_before_all_hooks'",
 "/home/warbrain/src/_Gnuside/vocabularise/vendors/ruby/1.8/gems/rspec-core-2.7.1/lib/rspec/core/example_group.rb:273:in `run'",
 "/home/warbrain/src/_Gnuside/vocabularise/vendors/ruby/1.8/gems/rspec-core-2.7.1/lib/rspec/core/command_line.rb:24:in `run'",
 "/home/warbrain/src/_Gnuside/vocabularise/vendors/ruby/1.8/gems/rspec-core-2.7.1/lib/rspec/core/command_line.rb:24:in `map'",
 "/home/warbrain/src/_Gnuside/vocabularise/vendors/ruby/1.8/gems/rspec-core-2.7.1/lib/rspec/core/command_line.rb:24:in `run'",
 "/home/warbrain/src/_Gnuside/vocabularise/vendors/ruby/1.8/gems/rspec-core-2.7.1/lib/rspec/core/reporter.rb:12:in `report'",
 "/home/warbrain/src/_Gnuside/vocabularise/vendors/ruby/1.8/gems/rspec-core-2.7.1/lib/rspec/core/command_line.rb:21:in `run'",
 "/home/warbrain/src/_Gnuside/vocabularise/vendors/ruby/1.8/gems/rspec-core-2.7.1/lib/rspec/core/runner.rb:80:in `run_in_process'",
 "/home/warbrain/src/_Gnuside/vocabularise/vendors/ruby/1.8/gems/rspec-core-2.7.1/lib/rspec/core/runner.rb:69:in `run'",
 "/home/warbrain/src/_Gnuside/vocabularise/vendors/ruby/1.8/gems/rspec-core-2.7.1/lib/rspec/core/runner.rb:10:in `autorun'",
 "/home/warbrain/src/_Gnuside/vocabularise/vendors/ruby/1.8/bin/rspec:19"]
  should respond to HANDLE_INTERNAL_EXPECTED (FAILED - 1)

Failures:

  1) ExpectedHandler should respond to HANDLE_INTERNAL_EXPECTED
     Failure/Error: @crawler.run
     SystemExit:
       exit
     # ./lib/vocabularise/crawler.rb:210:in `exit'
     # ./lib/vocabularise/crawler.rb:210:in `process'
     # ./lib/vocabularise/crawler.rb:188:in `each'
     # ./lib/vocabularise/crawler.rb:188:in `process'
     # ./lib/vocabularise/crawler.rb:146:in `run'
     # ./lib/vocabularise/crawler.rb:122:in `loop'
     # ./lib/vocabularise/crawler.rb:122:in `run'
     # ./lib/vocabularise/crawler.rb:120:in `initialize'
     # ./lib/vocabularise/crawler.rb:120:in `new'
     # ./lib/vocabularise/crawler.rb:120:in `run'
     # ./lib/vocabularise/crawler.rb:119:in `each'
     # ./lib/vocabularise/crawler.rb:119:in `run'
     # ./spec/expected_handler_spec.rb:67

Finished in 458.61 seconds
1 example, 1 failure

Failed examples:

rspec ./spec/expected_handler_spec.rb:74 # ExpectedHandler should respond to HANDLE_INTERNAL_EXPECTED
.: ~/src/_Gnuside/vocabularise :: 17:59:48 :: #51 :: warbrain@dyction (amd64) ::.
